!SESSION 2019-09-15 10:32:28.420 -----------------------------------------------
eclipse.buildId=unknown
java.version=1.8.0_221
java.vendor=Oracle Corporation
BootLoader constants: OS=win32, ARCH=x86_64, WS=win32, NL=en_US
Command-line arguments:  -console -configuration configuration

!ENTRY org.eclipse.osgi 4 0 2019-09-15 10:32:28.901
!MESSAGE Could not find bundle: org.eclipse.equinox.console
!STACK 0
org.osgi.framework.BundleException: Could not find bundle: org.eclipse.equinox.console
	at org.eclipse.core.runtime.internal.adaptor.ConsoleManager.checkForConsoleBundle(ConsoleManager.java:61)
	at org.eclipse.core.runtime.adaptor.EclipseStarter.startup(EclipseStarter.java:351)
	at org.eclipse.core.runtime.adaptor.EclipseStarter.run(EclipseStarter.java:251)
	at org.eclipse.core.runtime.adaptor.EclipseStarter.main(EclipseStarter.java:228)

!ENTRY org.eclipse.osgi 4 0 2019-09-15 10:32:28.909
!MESSAGE Application error
!STACK 1
java.lang.IllegalStateException: Unable to acquire application service. Ensure that the org.eclipse.core.runtime bundle is resolved and started (see config.ini).
	at org.eclipse.core.runtime.internal.adaptor.EclipseAppLauncher.start(EclipseAppLauncher.java:81)
	at org.eclipse.core.runtime.adaptor.EclipseStarter.run(EclipseStarter.java:400)
	at org.eclipse.core.runtime.adaptor.EclipseStarter.run(EclipseStarter.java:255)
	at org.eclipse.core.runtime.adaptor.EclipseStarter.main(EclipseStarter.java:228)
